<?xml version="1.0" encoding="UTF-8"?>
<!-- Generated by org.testng.reporters.JUnitReportReporter -->
<testsuite hostname="DESKTOP-HPNOI30" failures="0" tests="3" name="com.mbm.testng.FirstTestCase" time="0.034" errors="0" timestamp="2023-02-10T16:53:24 IST" skipped="0">
  <testcase classname="com.mbm.testng.FirstTestCase" name="setup" time="0.019"/>
  <system-out/>
  <testcase classname="com.mbm.testng.FirstTestCase" name="login" time="0.003"/>
  <system-out/>
  <testcase classname="com.mbm.testng.FirstTestCase" name="teardown" time="0.012"/>
  <system-out/>
</testsuite> <!-- com.mbm.testng.FirstTestCase -->
