<?xml version="1.0" encoding="UTF-8"?>
<!-- Generated by org.testng.reporters.JUnitReportReporter -->
<testsuite hostname="DESKTOP-HPNOI30" failures="0" tests="1" name="com.mbm.testng.ParallelTestExample2" time="62.412" errors="0" timestamp="2023-02-12T11:10:15 IST" skipped="0">
  <testcase classname="com.mbm.testng.ParallelTestExample2" name="loginTest" time="62.412"/>
  <system-out/>
</testsuite> <!-- com.mbm.testng.ParallelTestExample2 -->
