<?xml version="1.0" encoding="UTF-8"?>
<!-- Generated by org.testng.reporters.JUnitReportReporter -->
<testsuite hostname="DESKTOP-HPNOI30" failures="0" tests="4" name="com.mbm.testng.PriorityExample" time="0.027" errors="0" timestamp="2023-02-10T18:57:21 IST" skipped="1">
  <testcase classname="com.mbm.testng.PriorityExample" name="TestOne" time="0.018"/>
  <system-out/>
  <testcase classname="com.mbm.testng.PriorityExample" name="TestTwo" time="0.004"/>
  <system-out/>
  <testcase classname="com.mbm.testng.PriorityExample" name="TestThree" time="0.005"/>
  <system-out/>
  <testcase classname="com.mbm.testng.PriorityExample" name="TestFour">
    <skipped/>
  </testcase> <!-- TestFour -->
  <system-out/>
</testsuite> <!-- com.mbm.testng.PriorityExample -->
