<?xml version="1.0" encoding="UTF-8"?>
<!-- Generated by org.testng.reporters.JUnitReportReporter -->
<testsuite hostname="DESKTOP-HPNOI30" failures="0" tests="3" name="com.mbm.testng.FirstTestClass" time="0.030" errors="0" timestamp="2023-02-10T16:04:43 IST" skipped="0">
  <testcase classname="com.mbm.testng.FirstTestClass" name="setup" time="0.018"/>
  <system-out/>
  <testcase classname="com.mbm.testng.FirstTestClass" name="login" time="0.009"/>
  <system-out/>
  <testcase classname="com.mbm.testng.FirstTestClass" name="teardown" time="0.003"/>
  <system-out/>
</testsuite> <!-- com.mbm.testng.FirstTestClass -->
