<?xml version="1.0" encoding="UTF-8"?>
<!-- Generated by org.testng.reporters.JUnitReportReporter -->
<testsuite hostname="DESKTOP-HPNOI30" failures="0" tests="4" name="com.mbm.testng.TestNGParameters" time="5.893" errors="0" timestamp="2023-02-11T13:03:31 IST" skipped="0">
  <testcase classname="com.mbm.testng.TestNGParameters" name="logoTest" time="4.071"/>
  <system-out/>
  <testcase classname="com.mbm.testng.TestNGParameters" name="logoTest" time="1.320"/>
  <system-out/>
  <testcase classname="com.mbm.testng.TestNGParameters" name="homePageTitle" time="0.097"/>
  <system-out/>
  <testcase classname="com.mbm.testng.TestNGParameters" name="homePageTitle" time="0.405"/>
  <system-out/>
</testsuite> <!-- com.mbm.testng.TestNGParameters -->
