<?xml version="1.0" encoding="UTF-8"?>
<!-- Generated by org.testng.reporters.JUnitReportReporter -->
<testsuite hostname="DESKTOP-HPNOI30" failures="0" tests="3" name="com.mbm.testng.DataProviderExample" time="0.025" errors="0" timestamp="2023-02-11T13:55:39 IST" skipped="0">
  <testcase classname="com.mbm.testng.DataProviderExample" name="loginTest" time="0.016"/>
  <system-out/>
  <testcase classname="com.mbm.testng.DataProviderExample" name="loginTest" time="0.003"/>
  <system-out/>
  <testcase classname="com.mbm.testng.DataProviderExample" name="loginTest" time="0.006"/>
  <system-out/>
</testsuite> <!-- com.mbm.testng.DataProviderExample -->
