<?xml version="1.0" encoding="UTF-8"?>
<!-- Generated by org.testng.reporters.JUnitReportReporter -->
<testsuite hostname="DESKTOP-HPNOI30" failures="0" tests="2" name="com.mbm.testng.TestAnnotations" time="0.051" errors="0" timestamp="2023-02-10T17:13:42 IST" skipped="0">
  <testcase classname="com.mbm.testng.TestAnnotations" name="test1" time="0.018"/>
  <system-out/>
  <testcase classname="com.mbm.testng.TestAnnotations" name="test2" time="0.033"/>
  <system-out/>
</testsuite> <!-- com.mbm.testng.TestAnnotations -->
