<?xml version="1.0" encoding="UTF-8"?>
<!-- Generated by org.testng.reporters.JUnitReportReporter -->
<testsuite hostname="DESKTOP-HPNOI30" failures="0" tests="2" name="com.mbm.testng.GroupingExample" time="0.020" errors="0" timestamp="2023-02-10T19:50:30 IST" skipped="0">
  <testcase classname="com.mbm.testng.GroupingExample" name="test3" time="0.017"/>
  <system-out/>
  <testcase classname="com.mbm.testng.GroupingExample" name="test4" time="0.003"/>
  <system-out/>
</testsuite> <!-- com.mbm.testng.GroupingExample -->
