<?xml version="1.0" encoding="UTF-8"?>
<!-- Generated by org.testng.reporters.JUnitReportReporter -->
<testsuite hostname="DESKTOP-HPNOI30" failures="0" tests="2" name="com.mbm.testng.TestAnnotations1" time="0.043" errors="0" timestamp="2023-02-10T18:31:57 IST" skipped="0">
  <testcase classname="com.mbm.testng.TestAnnotations1" name="test2" time="0.015"/>
  <system-out/>
  <testcase classname="com.mbm.testng.TestAnnotations1" name="test1" time="0.028"/>
  <system-out/>
</testsuite> <!-- com.mbm.testng.TestAnnotations1 -->
