<?xml version="1.0" encoding="UTF-8"?>
<!-- Generated by org.testng.reporters.JUnitReportReporter -->
<testsuite hostname="DESKTOP-HPNOI30" failures="0" tests="4" name="com.mbm.testng.TestAnnotations2" time="0.056" errors="0" timestamp="2023-02-10T18:31:57 IST" skipped="0">
  <testcase classname="com.mbm.testng.TestAnnotations2" name="test4" time="0.014"/>
  <system-out/>
  <testcase classname="com.mbm.testng.TestAnnotations2" name="test3" time="0.013"/>
  <system-out/>
  <testcase classname="com.mbm.testng.TestAnnotations2" name="test5" time="0.006"/>
  <system-out/>
  <testcase classname="com.mbm.testng.TestAnnotations2" name="test6" time="0.023"/>
  <system-out/>
</testsuite> <!-- com.mbm.testng.TestAnnotations2 -->
