<?xml version="1.0" encoding="UTF-8"?>
<!-- Generated by org.testng.reporters.JUnitReportReporter -->
<testsuite hostname="DESKTOP-HPNOI30" failures="0" tests="4" name="com.mbm.testng.SecondTestCase" time="0.043" errors="0" timestamp="2023-02-10T16:53:24 IST" skipped="0">
  <testcase classname="com.mbm.testng.SecondTestCase" name="setup" time="0.008"/>
  <system-out/>
  <testcase classname="com.mbm.testng.SecondTestCase" name="addCustomer" time="0.016"/>
  <system-out/>
  <testcase classname="com.mbm.testng.SecondTestCase" name="searchCustomer" time="0.010"/>
  <system-out/>
  <testcase classname="com.mbm.testng.SecondTestCase" name="teardown" time="0.009"/>
  <system-out/>
</testsuite> <!-- com.mbm.testng.SecondTestCase -->
