<?xml version="1.0" encoding="UTF-8"?>
<!-- Generated by org.testng.reporters.JUnitReportReporter -->
<testsuite hostname="DESKTOP-HPNOI30" failures="0" tests="2" name="com.mbm.testng.AssertionsInTestNG" time="3.287" errors="0" timestamp="2023-02-10T21:20:21 IST" skipped="0">
  <testcase classname="com.mbm.testng.AssertionsInTestNG" name="logoTest" time="3.257"/>
  <system-out/>
  <testcase classname="com.mbm.testng.AssertionsInTestNG" name="homePageTitle" time="0.030"/>
  <system-out/>
</testsuite> <!-- com.mbm.testng.AssertionsInTestNG -->
